<?xml version="1.0" encoding="UTF-8"?>
<testsuite xmlns:xsi="http://www.w3.org/2001/XMLSchema-instance" xsi:noNamespaceSchemaLocation="https://maven.apache.org/surefire/maven-surefire-plugin/xsd/surefire-test-report-3.0.xsd" version="3.0" name="com.yourorg.NoGuavaListsNewArrayListTest" time="4.328" tests="3" errors="0" skipped="0" failures="0">
  <properties>
    <property name="java.specification.version" value="17"/>
    <property name="sun.jnu.encoding" value="UTF-8"/>
    <property name="java.class.path" value="/home/ge0ffrey/projects/tmp/openrewrite-poc/target/test-classes:/home/ge0ffrey/projects/tmp/openrewrite-poc/target/classes:/home/ge0ffrey/.m2/repository/org/openrewrite/rewrite-java/7.32.0/rewrite-java-7.32.0.jar:/home/ge0ffrey/.m2/repository/org/openrewrite/rewrite-core/7.32.0/rewrite-core-7.32.0.jar:/home/ge0ffrey/.m2/repository/com/fasterxml/jackson/core/jackson-databind/2.13.4.2/jackson-databind-2.13.4.2.jar:/home/ge0ffrey/.m2/repository/com/fasterxml/jackson/module/jackson-module-parameter-names/2.13.4/jackson-module-parameter-names-2.13.4.jar:/home/ge0ffrey/.m2/repository/de/danielbechler/java-object-diff/0.95/java-object-diff-0.95.jar:/home/ge0ffrey/.m2/repository/org/apache/ant/ant/1.10.12/ant-1.10.12.jar:/home/ge0ffrey/.m2/repository/org/apache/ant/ant-launcher/1.10.12/ant-launcher-1.10.12.jar:/home/ge0ffrey/.m2/repository/io/quarkus/gizmo/gizmo/1.1.1.Final/gizmo-1.1.1.Final.jar:/home/ge0ffrey/.m2/repository/org/jboss/jandex/2.4.3.Final/jandex-2.4.3.Final.jar:/home/ge0ffrey/.m2/repository/net/java/dev/jna/jna-platform/5.12.1/jna-platform-5.12.1.jar:/home/ge0ffrey/.m2/repository/net/java/dev/jna/jna/5.8.0/jna-5.8.0.jar:/home/ge0ffrey/.m2/repository/org/apache/commons/commons-compress/1.21/commons-compress-1.21.jar:/home/ge0ffrey/.m2/repository/io/micrometer/micrometer-core/1.9.4/micrometer-core-1.9.4.jar:/home/ge0ffrey/.m2/repository/org/hdrhistogram/HdrHistogram/2.1.12/HdrHistogram-2.1.12.jar:/home/ge0ffrey/.m2/repository/org/latencyutils/LatencyUtils/2.0.3/LatencyUtils-2.0.3.jar:/home/ge0ffrey/.m2/repository/org/jetbrains/annotations/23.0.0/annotations-23.0.0.jar:/home/ge0ffrey/.m2/repository/com/fasterxml/jackson/core/jackson-annotations/2.13.4/jackson-annotations-2.13.4.jar:/home/ge0ffrey/.m2/repository/org/antlr/antlr4/4.9.2/antlr4-4.9.2.jar:/home/ge0ffrey/.m2/repository/org/antlr/antlr4-runtime/4.9.2/antlr4-runtime-4.9.2.jar:/home/ge0ffrey/.m2/repository/org/antlr/antlr-runtime/3.5.2/antlr-runtime-3.5.2.jar:/home/ge0ffrey/.m2/repository/org/antlr/ST4/4.3/ST4-4.3.jar:/home/ge0ffrey/.m2/repository/org/abego/treelayout/org.abego.treelayout.core/1.0.3/org.abego.treelayout.core-1.0.3.jar:/home/ge0ffrey/.m2/repository/org/glassfish/javax.json/1.0.4/javax.json-1.0.4.jar:/home/ge0ffrey/.m2/repository/com/ibm/icu/icu4j/61.1/icu4j-61.1.jar:/home/ge0ffrey/.m2/repository/org/apache/commons/commons-lang3/3.12.0/commons-lang3-3.12.0.jar:/home/ge0ffrey/.m2/repository/org/apache/commons/commons-text/1.10.0/commons-text-1.10.0.jar:/home/ge0ffrey/.m2/repository/io/github/classgraph/classgraph/4.8.149/classgraph-4.8.149.jar:/home/ge0ffrey/.m2/repository/org/xerial/snappy/snappy-java/1.1.8.4/snappy-java-1.1.8.4.jar:/home/ge0ffrey/.m2/repository/io/github/fastfilter/fastfilter/1.0.2/fastfilter-1.0.2.jar:/home/ge0ffrey/.m2/repository/org/ow2/asm/asm/9.3/asm-9.3.jar:/home/ge0ffrey/.m2/repository/org/ow2/asm/asm-util/9.3/asm-util-9.3.jar:/home/ge0ffrey/.m2/repository/org/ow2/asm/asm-tree/9.3/asm-tree-9.3.jar:/home/ge0ffrey/.m2/repository/org/ow2/asm/asm-analysis/9.3/asm-analysis-9.3.jar:/home/ge0ffrey/.m2/repository/org/openrewrite/rewrite-java-8/7.32.0/rewrite-java-8-7.32.0.jar:/home/ge0ffrey/.m2/repository/org/openrewrite/rewrite-java-11/7.32.0/rewrite-java-11-7.32.0.jar:/home/ge0ffrey/.m2/repository/org/openrewrite/rewrite-maven/7.32.0/rewrite-maven-7.32.0.jar:/home/ge0ffrey/.m2/repository/com/github/ben-manes/caffeine/caffeine/2.9.3/caffeine-2.9.3.jar:/home/ge0ffrey/.m2/repository/io/github/resilience4j/resilience4j-retry/1.7.0/resilience4j-retry-1.7.0.jar:/home/ge0ffrey/.m2/repository/io/vavr/vavr/0.10.2/vavr-0.10.2.jar:/home/ge0ffrey/.m2/repository/io/vavr/vavr-match/0.10.2/vavr-match-0.10.2.jar:/home/ge0ffrey/.m2/repository/io/github/resilience4j/resilience4j-core/1.7.0/resilience4j-core-1.7.0.jar:/home/ge0ffrey/.m2/repository/com/fasterxml/jackson/dataformat/jackson-dataformat-xml/2.13.4/jackson-dataformat-xml-2.13.4.jar:/home/ge0ffrey/.m2/repository/com/fasterxml/jackson/core/jackson-core/2.13.4/jackson-core-2.13.4.jar:/home/ge0ffrey/.m2/repository/org/codehaus/woodstox/stax2-api/4.2.1/stax2-api-4.2.1.jar:/home/ge0ffrey/.m2/repository/com/fasterxml/woodstox/woodstox-core/6.3.1/woodstox-core-6.3.1.jar:/home/ge0ffrey/.m2/repository/com/fasterxml/jackson/dataformat/jackson-dataformat-smile/2.13.4/jackson-dataformat-smile-2.13.4.jar:/home/ge0ffrey/.m2/repository/com/fasterxml/jackson/module/jackson-module-jaxb-annotations/2.13.4/jackson-module-jaxb-annotations-2.13.4.jar:/home/ge0ffrey/.m2/repository/jakarta/xml/bind/jakarta.xml.bind-api/2.3.3/jakarta.xml.bind-api-2.3.3.jar:/home/ge0ffrey/.m2/repository/jakarta/activation/jakarta.activation-api/1.2.1/jakarta.activation-api-1.2.1.jar:/home/ge0ffrey/.m2/repository/com/fasterxml/jackson/datatype/jackson-datatype-jdk8/2.13.4/jackson-datatype-jdk8-2.13.4.jar:/home/ge0ffrey/.m2/repository/org/openrewrite/rewrite-yaml/7.32.0/rewrite-yaml-7.32.0.jar:/home/ge0ffrey/.m2/repository/org/yaml/snakeyaml/1.33/snakeyaml-1.33.jar:/home/ge0ffrey/.m2/repository/org/openrewrite/rewrite-properties/7.32.0/rewrite-properties-7.32.0.jar:/home/ge0ffrey/.m2/repository/org/openrewrite/rewrite-xml/7.32.0/rewrite-xml-7.32.0.jar:/home/ge0ffrey/.m2/repository/org/openrewrite/rewrite-test/7.32.0/rewrite-test-7.32.0.jar:/home/ge0ffrey/.m2/repository/org/eclipse/jgit/org.eclipse.jgit/5.13.1.202206130422-r/org.eclipse.jgit-5.13.1.202206130422-r.jar:/home/ge0ffrey/.m2/repository/com/googlecode/javaewah/JavaEWAH/1.1.13/JavaEWAH-1.1.13.jar:/home/ge0ffrey/.m2/repository/org/junit/jupiter/junit-jupiter-api/5.9.1/junit-jupiter-api-5.9.1.jar:/home/ge0ffrey/.m2/repository/org/opentest4j/opentest4j/1.2.0/opentest4j-1.2.0.jar:/home/ge0ffrey/.m2/repository/org/junit/platform/junit-platform-commons/1.9.1/junit-platform-commons-1.9.1.jar:/home/ge0ffrey/.m2/repository/org/apiguardian/apiguardian-api/1.1.2/apiguardian-api-1.1.2.jar:/home/ge0ffrey/.m2/repository/org/junit/jupiter/junit-jupiter-params/5.9.1/junit-jupiter-params-5.9.1.jar:/home/ge0ffrey/.m2/repository/com/squareup/okhttp3/okhttp/3.14.9/okhttp-3.14.9.jar:/home/ge0ffrey/.m2/repository/com/squareup/okio/okio/1.17.2/okio-1.17.2.jar:/home/ge0ffrey/.m2/repository/org/assertj/assertj-core/3.22.0/assertj-core-3.22.0.jar:/home/ge0ffrey/.m2/repository/org/slf4j/slf4j-api/1.7.36/slf4j-api-1.7.36.jar:/home/ge0ffrey/.m2/repository/ch/qos/logback/logback-classic/1.2.9/logback-classic-1.2.9.jar:/home/ge0ffrey/.m2/repository/ch/qos/logback/logback-core/1.2.9/logback-core-1.2.9.jar:/home/ge0ffrey/.m2/repository/com/google/auto/service/auto-service/1.0.1/auto-service-1.0.1.jar:/home/ge0ffrey/.m2/repository/com/google/auto/service/auto-service-annotations/1.0.1/auto-service-annotations-1.0.1.jar:/home/ge0ffrey/.m2/repository/com/google/auto/auto-common/1.2/auto-common-1.2.jar:/home/ge0ffrey/.m2/repository/com/google/guava/guava/31.1-jre/guava-31.1-jre.jar:/home/ge0ffrey/.m2/repository/com/google/guava/failureaccess/1.0.1/failureaccess-1.0.1.jar:/home/ge0ffrey/.m2/repository/org/checkerframework/checker-qual/3.25.0/checker-qual-3.25.0.jar:/home/ge0ffrey/.m2/repository/com/google/j2objc/j2objc-annotations/1.3/j2objc-annotations-1.3.jar:/home/ge0ffrey/.m2/repository/org/apache/hbase/hbase-shaded-client/2.4.11/hbase-shaded-client-2.4.11.jar:/home/ge0ffrey/.m2/repository/org/apache/htrace/htrace-core4/4.2.0-incubating/htrace-core4-4.2.0-incubating.jar:/home/ge0ffrey/.m2/repository/org/apache/yetus/audience-annotations/0.5.0/audience-annotations-0.5.0.jar:/home/ge0ffrey/.m2/repository/org/mapstruct/mapstruct/1.5.3.Final/mapstruct-1.5.3.Final.jar:/home/ge0ffrey/.m2/repository/org/slf4j/jcl-over-slf4j/1.7.36/jcl-over-slf4j-1.7.36.jar:"/>
    <property name="java.vm.vendor" value="Eclipse Adoptium"/>
    <property name="sun.arch.data.model" value="64"/>
    <property name="java.vendor.url" value="https://adoptium.net/"/>
    <property name="user.timezone" value="Europe/Brussels"/>
    <property name="os.name" value="Linux"/>
    <property name="java.vm.specification.version" value="17"/>
    <property name="sun.java.launcher" value="SUN_STANDARD"/>
    <property name="user.country" value="US"/>
    <property name="sun.boot.library.path" value="/home/ge0ffrey/.sdkman/candidates/java/17.0.4.1-tem/lib"/>
    <property name="sun.java.command" value="/home/ge0ffrey/projects/tmp/openrewrite-poc/target/surefire/surefirebooter-20221030065109342_3.jar /home/ge0ffrey/projects/tmp/openrewrite-poc/target/surefire 2022-10-30T06-51-09_027-jvmRun1 surefire-20221030065109342_1tmp surefire_0-20221030065109342_2tmp"/>
    <property name="jdk.debug" value="release"/>
    <property name="surefire.test.class.path" value="/home/ge0ffrey/projects/tmp/openrewrite-poc/target/test-classes:/home/ge0ffrey/projects/tmp/openrewrite-poc/target/classes:/home/ge0ffrey/.m2/repository/org/openrewrite/rewrite-java/7.32.0/rewrite-java-7.32.0.jar:/home/ge0ffrey/.m2/repository/org/openrewrite/rewrite-core/7.32.0/rewrite-core-7.32.0.jar:/home/ge0ffrey/.m2/repository/com/fasterxml/jackson/core/jackson-databind/2.13.4.2/jackson-databind-2.13.4.2.jar:/home/ge0ffrey/.m2/repository/com/fasterxml/jackson/module/jackson-module-parameter-names/2.13.4/jackson-module-parameter-names-2.13.4.jar:/home/ge0ffrey/.m2/repository/de/danielbechler/java-object-diff/0.95/java-object-diff-0.95.jar:/home/ge0ffrey/.m2/repository/org/apache/ant/ant/1.10.12/ant-1.10.12.jar:/home/ge0ffrey/.m2/repository/org/apache/ant/ant-launcher/1.10.12/ant-launcher-1.10.12.jar:/home/ge0ffrey/.m2/repository/io/quarkus/gizmo/gizmo/1.1.1.Final/gizmo-1.1.1.Final.jar:/home/ge0ffrey/.m2/repository/org/jboss/jandex/2.4.3.Final/jandex-2.4.3.Final.jar:/home/ge0ffrey/.m2/repository/net/java/dev/jna/jna-platform/5.12.1/jna-platform-5.12.1.jar:/home/ge0ffrey/.m2/repository/net/java/dev/jna/jna/5.8.0/jna-5.8.0.jar:/home/ge0ffrey/.m2/repository/org/apache/commons/commons-compress/1.21/commons-compress-1.21.jar:/home/ge0ffrey/.m2/repository/io/micrometer/micrometer-core/1.9.4/micrometer-core-1.9.4.jar:/home/ge0ffrey/.m2/repository/org/hdrhistogram/HdrHistogram/2.1.12/HdrHistogram-2.1.12.jar:/home/ge0ffrey/.m2/repository/org/latencyutils/LatencyUtils/2.0.3/LatencyUtils-2.0.3.jar:/home/ge0ffrey/.m2/repository/org/jetbrains/annotations/23.0.0/annotations-23.0.0.jar:/home/ge0ffrey/.m2/repository/com/fasterxml/jackson/core/jackson-annotations/2.13.4/jackson-annotations-2.13.4.jar:/home/ge0ffrey/.m2/repository/org/antlr/antlr4/4.9.2/antlr4-4.9.2.jar:/home/ge0ffrey/.m2/repository/org/antlr/antlr4-runtime/4.9.2/antlr4-runtime-4.9.2.jar:/home/ge0ffrey/.m2/repository/org/antlr/antlr-runtime/3.5.2/antlr-runtime-3.5.2.jar:/home/ge0ffrey/.m2/repository/org/antlr/ST4/4.3/ST4-4.3.jar:/home/ge0ffrey/.m2/repository/org/abego/treelayout/org.abego.treelayout.core/1.0.3/org.abego.treelayout.core-1.0.3.jar:/home/ge0ffrey/.m2/repository/org/glassfish/javax.json/1.0.4/javax.json-1.0.4.jar:/home/ge0ffrey/.m2/repository/com/ibm/icu/icu4j/61.1/icu4j-61.1.jar:/home/ge0ffrey/.m2/repository/org/apache/commons/commons-lang3/3.12.0/commons-lang3-3.12.0.jar:/home/ge0ffrey/.m2/repository/org/apache/commons/commons-text/1.10.0/commons-text-1.10.0.jar:/home/ge0ffrey/.m2/repository/io/github/classgraph/classgraph/4.8.149/classgraph-4.8.149.jar:/home/ge0ffrey/.m2/repository/org/xerial/snappy/snappy-java/1.1.8.4/snappy-java-1.1.8.4.jar:/home/ge0ffrey/.m2/repository/io/github/fastfilter/fastfilter/1.0.2/fastfilter-1.0.2.jar:/home/ge0ffrey/.m2/repository/org/ow2/asm/asm/9.3/asm-9.3.jar:/home/ge0ffrey/.m2/repository/org/ow2/asm/asm-util/9.3/asm-util-9.3.jar:/home/ge0ffrey/.m2/repository/org/ow2/asm/asm-tree/9.3/asm-tree-9.3.jar:/home/ge0ffrey/.m2/repository/org/ow2/asm/asm-analysis/9.3/asm-analysis-9.3.jar:/home/ge0ffrey/.m2/repository/org/openrewrite/rewrite-java-8/7.32.0/rewrite-java-8-7.32.0.jar:/home/ge0ffrey/.m2/repository/org/openrewrite/rewrite-java-11/7.32.0/rewrite-java-11-7.32.0.jar:/home/ge0ffrey/.m2/repository/org/openrewrite/rewrite-maven/7.32.0/rewrite-maven-7.32.0.jar:/home/ge0ffrey/.m2/repository/com/github/ben-manes/caffeine/caffeine/2.9.3/caffeine-2.9.3.jar:/home/ge0ffrey/.m2/repository/io/github/resilience4j/resilience4j-retry/1.7.0/resilience4j-retry-1.7.0.jar:/home/ge0ffrey/.m2/repository/io/vavr/vavr/0.10.2/vavr-0.10.2.jar:/home/ge0ffrey/.m2/repository/io/vavr/vavr-match/0.10.2/vavr-match-0.10.2.jar:/home/ge0ffrey/.m2/repository/io/github/resilience4j/resilience4j-core/1.7.0/resilience4j-core-1.7.0.jar:/home/ge0ffrey/.m2/repository/com/fasterxml/jackson/dataformat/jackson-dataformat-xml/2.13.4/jackson-dataformat-xml-2.13.4.jar:/home/ge0ffrey/.m2/repository/com/fasterxml/jackson/core/jackson-core/2.13.4/jackson-core-2.13.4.jar:/home/ge0ffrey/.m2/repository/org/codehaus/woodstox/stax2-api/4.2.1/stax2-api-4.2.1.jar:/home/ge0ffrey/.m2/repository/com/fasterxml/woodstox/woodstox-core/6.3.1/woodstox-core-6.3.1.jar:/home/ge0ffrey/.m2/repository/com/fasterxml/jackson/dataformat/jackson-dataformat-smile/2.13.4/jackson-dataformat-smile-2.13.4.jar:/home/ge0ffrey/.m2/repository/com/fasterxml/jackson/module/jackson-module-jaxb-annotations/2.13.4/jackson-module-jaxb-annotations-2.13.4.jar:/home/ge0ffrey/.m2/repository/jakarta/xml/bind/jakarta.xml.bind-api/2.3.3/jakarta.xml.bind-api-2.3.3.jar:/home/ge0ffrey/.m2/repository/jakarta/activation/jakarta.activation-api/1.2.1/jakarta.activation-api-1.2.1.jar:/home/ge0ffrey/.m2/repository/com/fasterxml/jackson/datatype/jackson-datatype-jdk8/2.13.4/jackson-datatype-jdk8-2.13.4.jar:/home/ge0ffrey/.m2/repository/org/openrewrite/rewrite-yaml/7.32.0/rewrite-yaml-7.32.0.jar:/home/ge0ffrey/.m2/repository/org/yaml/snakeyaml/1.33/snakeyaml-1.33.jar:/home/ge0ffrey/.m2/repository/org/openrewrite/rewrite-properties/7.32.0/rewrite-properties-7.32.0.jar:/home/ge0ffrey/.m2/repository/org/openrewrite/rewrite-xml/7.32.0/rewrite-xml-7.32.0.jar:/home/ge0ffrey/.m2/repository/org/openrewrite/rewrite-test/7.32.0/rewrite-test-7.32.0.jar:/home/ge0ffrey/.m2/repository/org/eclipse/jgit/org.eclipse.jgit/5.13.1.202206130422-r/org.eclipse.jgit-5.13.1.202206130422-r.jar:/home/ge0ffrey/.m2/repository/com/googlecode/javaewah/JavaEWAH/1.1.13/JavaEWAH-1.1.13.jar:/home/ge0ffrey/.m2/repository/org/junit/jupiter/junit-jupiter-api/5.9.1/junit-jupiter-api-5.9.1.jar:/home/ge0ffrey/.m2/repository/org/opentest4j/opentest4j/1.2.0/opentest4j-1.2.0.jar:/home/ge0ffrey/.m2/repository/org/junit/platform/junit-platform-commons/1.9.1/junit-platform-commons-1.9.1.jar:/home/ge0ffrey/.m2/repository/org/apiguardian/apiguardian-api/1.1.2/apiguardian-api-1.1.2.jar:/home/ge0ffrey/.m2/repository/org/junit/jupiter/junit-jupiter-params/5.9.1/junit-jupiter-params-5.9.1.jar:/home/ge0ffrey/.m2/repository/com/squareup/okhttp3/okhttp/3.14.9/okhttp-3.14.9.jar:/home/ge0ffrey/.m2/repository/com/squareup/okio/okio/1.17.2/okio-1.17.2.jar:/home/ge0ffrey/.m2/repository/org/assertj/assertj-core/3.22.0/assertj-core-3.22.0.jar:/home/ge0ffrey/.m2/repository/org/slf4j/slf4j-api/1.7.36/slf4j-api-1.7.36.jar:/home/ge0ffrey/.m2/repository/ch/qos/logback/logback-classic/1.2.9/logback-classic-1.2.9.jar:/home/ge0ffrey/.m2/repository/ch/qos/logback/logback-core/1.2.9/logback-core-1.2.9.jar:/home/ge0ffrey/.m2/repository/com/google/auto/service/auto-service/1.0.1/auto-service-1.0.1.jar:/home/ge0ffrey/.m2/repository/com/google/auto/service/auto-service-annotations/1.0.1/auto-service-annotations-1.0.1.jar:/home/ge0ffrey/.m2/repository/com/google/auto/auto-common/1.2/auto-common-1.2.jar:/home/ge0ffrey/.m2/repository/com/google/guava/guava/31.1-jre/guava-31.1-jre.jar:/home/ge0ffrey/.m2/repository/com/google/guava/failureaccess/1.0.1/failureaccess-1.0.1.jar:/home/ge0ffrey/.m2/repository/org/checkerframework/checker-qual/3.25.0/checker-qual-3.25.0.jar:/home/ge0ffrey/.m2/repository/com/google/j2objc/j2objc-annotations/1.3/j2objc-annotations-1.3.jar:/home/ge0ffrey/.m2/repository/org/apache/hbase/hbase-shaded-client/2.4.11/hbase-shaded-client-2.4.11.jar:/home/ge0ffrey/.m2/repository/org/apache/htrace/htrace-core4/4.2.0-incubating/htrace-core4-4.2.0-incubating.jar:/home/ge0ffrey/.m2/repository/org/apache/yetus/audience-annotations/0.5.0/audience-annotations-0.5.0.jar:/home/ge0ffrey/.m2/repository/org/mapstruct/mapstruct/1.5.3.Final/mapstruct-1.5.3.Final.jar:/home/ge0ffrey/.m2/repository/org/slf4j/jcl-over-slf4j/1.7.36/jcl-over-slf4j-1.7.36.jar:"/>
    <property name="sun.cpu.endian" value="little"/>
    <property name="user.home" value="/home/ge0ffrey"/>
    <property name="user.language" value="en"/>
    <property name="java.specification.vendor" value="Oracle Corporation"/>
    <property name="java.version.date" value="2022-08-12"/>
    <property name="java.home" value="/home/ge0ffrey/.sdkman/candidates/java/17.0.4.1-tem"/>
    <property name="file.separator" value="/"/>
    <property name="basedir" value="/home/ge0ffrey/projects/tmp/openrewrite-poc"/>
    <property name="java.vm.compressedOopsMode" value="Zero based"/>
    <property name="line.separator" value="&#10;"/>
    <property name="java.vm.specification.vendor" value="Oracle Corporation"/>
    <property name="java.specification.name" value="Java Platform API Specification"/>
    <property name="surefire.real.class.path" value="/home/ge0ffrey/projects/tmp/openrewrite-poc/target/surefire/surefirebooter-20221030065109342_3.jar"/>
    <property name="sun.management.compiler" value="HotSpot 64-Bit Tiered Compilers"/>
    <property name="java.runtime.version" value="17.0.4.1+1"/>
    <property name="user.name" value="ge0ffrey"/>
    <property name="path.separator" value=":"/>
    <property name="os.version" value="5.18.16-200.fc36.x86_64"/>
    <property name="java.runtime.name" value="OpenJDK Runtime Environment"/>
    <property name="file.encoding" value="UTF-8"/>
    <property name="java.vm.name" value="OpenJDK 64-Bit Server VM"/>
    <property name="java.vendor.version" value="Temurin-17.0.4.1+1"/>
    <property name="localRepository" value="/home/ge0ffrey/.m2/repository"/>
    <property name="java.vendor.url.bug" value="https://github.com/adoptium/adoptium-support/issues"/>
    <property name="java.io.tmpdir" value="/home/ge0ffrey/projects/tmp/openrewrite-poc/target"/>
    <property name="java.version" value="17.0.4.1"/>
    <property name="user.dir" value="/home/ge0ffrey/projects/tmp/openrewrite-poc"/>
    <property name="os.arch" value="amd64"/>
    <property name="java.vm.specification.name" value="Java Virtual Machine Specification"/>
    <property name="native.encoding" value="UTF-8"/>
    <property name="java.library.path" value="/usr/java/packages/lib:/usr/lib64:/lib64:/lib:/usr/lib"/>
    <property name="java.vm.info" value="mixed mode, sharing"/>
    <property name="java.vendor" value="Eclipse Adoptium"/>
    <property name="java.vm.version" value="17.0.4.1+1"/>
    <property name="sun.io.unicode.encoding" value="UnicodeLittle"/>
    <property name="java.class.version" value="61.0"/>
  </properties>
  <testcase name="replaceWithNewArrayList" classname="com.yourorg.NoGuavaListsNewArrayListTest" time="2.761"/>
  <testcase name="replaceWithNewArrayListWithCapacity" classname="com.yourorg.NoGuavaListsNewArrayListTest" time="0.864">
    <system-out><![CDATA[06:51:13.341 [main] WARN org.openrewrite.java.isolated.ReloadableJava11Parser - warning: unknown enum constant When.UNKNOWN
06:51:13.344 [main] WARN org.openrewrite.java.isolated.ReloadableJava11Parser -   reason: class file for javax.annotation.meta.When not found
]]></system-out>
  </testcase>
  <testcase name="replaceWithNewArrayListIterable" classname="com.yourorg.NoGuavaListsNewArrayListTest" time="0.68">
    <system-out><![CDATA[06:51:14.131 [main] WARN org.openrewrite.java.isolated.ReloadableJava11Parser - warning: unknown enum constant When.UNKNOWN
06:51:14.131 [main] WARN org.openrewrite.java.isolated.ReloadableJava11Parser -   reason: class file for javax.annotation.meta.When not found
]]></system-out>
  </testcase>
</testsuite>